<?xml version="1.0" encoding="UTF-8"?>
<testng-results ignored="0" total="1" passed="1" failed="0" skipped="0">
  <reporter-output>
  </reporter-output>
  <suite started-at="2024-08-09T03:18:11 EDT" name="Default suite" finished-at="2024-08-09T03:18:39 EDT" duration-ms="28002">
    <groups>
    </groups>
    <test started-at="2024-08-09T03:18:11 EDT" name="Default test" finished-at="2024-08-09T03:18:39 EDT" duration-ms="28002">
      <class name="auto_testing.RegistrationTest">
        <test-method is-config="true" signature="setUp()[pri:0, instance:auto_testing.RegistrationTest@48c35007]" started-at="2024-08-09T03:18:11 EDT" name="setUp" finished-at="2024-08-09T03:18:19 EDT" duration-ms="7922" status="PASS">
          <reporter-output>
          </reporter-output>
        </test-method> <!-- setUp -->
        <test-method signature="successfulRegistration()[pri:0, instance:auto_testing.RegistrationTest@48c35007]" started-at="2024-08-09T03:18:19 EDT" name="successfulRegistration" finished-at="2024-08-09T03:18:37 EDT" duration-ms="18308" status="PASS">
          <reporter-output>
          </reporter-output>
        </test-method> <!-- successfulRegistration -->
        <test-method is-config="true" signature="tearDown()[pri:0, instance:auto_testing.RegistrationTest@48c35007]" started-at="2024-08-09T03:18:37 EDT" name="tearDown" finished-at="2024-08-09T03:18:39 EDT" duration-ms="1713" status="PASS">
          <reporter-output>
          </reporter-output>
        </test-method> <!-- tearDown -->
      </class> <!-- auto_testing.RegistrationTest -->
    </test> <!-- Default test -->
  </suite> <!-- Default suite -->
</testng-results>
